<?xml version="1.0" encoding="UTF-8"?>
<!-- Generated by org.testng.reporters.JUnitXMLReporter -->
<testsuite ignored="0" hostname="DESKTOP-6VEAE9B" failures="0" tests="3" name="Default test" time="15.391" errors="0" timestamp="2023-11-30T12:19:44 IST">
  <testcase classname="com.chainrequest.POST_GET_Chaining" name="createPOST" time="9.727"/>
  <testcase classname="com.chainrequest.POST_GET_Chaining" name="createPOST" time="1.573"/>
  <testcase classname="com.chainrequest.POST_GET_Chaining" name="createPOST" time="1.765"/>
</testsuite> <!-- Default test -->
