<?xml version="1.0" encoding="UTF-8"?>
<!-- Generated by org.testng.reporters.JUnitXMLReporter -->
<testsuite ignored="0" hostname="DESKTOP-6VEAE9B" failures="3" tests="4" name="Test" time="13.04" errors="0" timestamp="2023-12-05T13:14:47 IST">
  <testcase classname="com.chainrequest.POST_GET_Chaining" name="createPOST" time="7.362">
    <failure type="java.lang.AssertionError" message="expected [201] but found [422]">
      <![CDATA[java.lang.AssertionError: expected [201] but found [422]
at com.chainrequest.POST_GET_Chaining.createPOST(POST_GET_Chaining.java:57)
at java.base/java.util.ArrayList.forEach(ArrayList.java:1511)
... Removed 34 stack frames]]>
    </failure>
  </testcase> <!-- createPOST -->
  <testcase classname="com.chainrequest.POST_GET_Chaining" name="createPOST" time="0.725">
    <failure type="java.lang.AssertionError" message="expected [201] but found [422]">
      <![CDATA[java.lang.AssertionError: expected [201] but found [422]
at com.chainrequest.POST_GET_Chaining.createPOST(POST_GET_Chaining.java:57)
at java.base/java.util.ArrayList.forEach(ArrayList.java:1511)
... Removed 34 stack frames]]>
    </failure>
  </testcase> <!-- createPOST -->
  <testcase classname="com.chainrequest.POST_GET_Chaining" name="createPOST" time="0.66">
    <failure type="java.lang.AssertionError" message="expected [201] but found [422]">
      <![CDATA[java.lang.AssertionError: expected [201] but found [422]
at com.chainrequest.POST_GET_Chaining.createPOST(POST_GET_Chaining.java:57)
at java.base/java.util.ArrayList.forEach(ArrayList.java:1511)
... Removed 34 stack frames]]>
    </failure>
  </testcase> <!-- createPOST -->
  <testcase classname="com.chainrequest.POST_GET_Chaining" name="deleteRequest" time="0.846"/>
</testsuite> <!-- Test -->
