<?xml version="1.0" encoding="UTF-8"?>
<!-- Generated by org.testng.reporters.JUnitReportReporter -->
<testsuite hostname="DESKTOP-6VEAE9B" failures="0" tests="3" name="com.datadriven.GET_Data" time="8.768" errors="0" timestamp="2023-11-30T10:54:01 IST" skipped="0">
  <testcase classname="com.datadriven.GET_Data" name="GET_Auth" time="0.714"/>
  <testcase classname="com.datadriven.GET_Data" name="GET_Auth" time="0.634"/>
  <testcase classname="com.datadriven.GET_Data" name="GET_Auth" time="7.420"/>
</testsuite> <!-- com.datadriven.GET_Data -->
