<?xml version="1.0" encoding="UTF-8"?>
<!-- Generated by org.testng.reporters.JUnitReportReporter -->
<testsuite hostname="DESKTOP-6VEAE9B" failures="0" tests="5" name="com.datadriven.Post_Dataprovider" time="11.610" errors="0" timestamp="2023-11-29T14:19:01 IST" skipped="0">
  <testcase classname="com.datadriven.Post_Dataprovider" name="post_Auth" time="0.938"/>
  <testcase classname="com.datadriven.Post_Dataprovider" name="post_Auth" time="8.124"/>
  <testcase classname="com.datadriven.Post_Dataprovider" name="post_Auth" time="0.778"/>
  <testcase classname="com.datadriven.Post_Dataprovider" name="post_Auth" time="0.810"/>
  <testcase classname="com.datadriven.Post_Dataprovider" name="post_Auth" time="0.960"/>
</testsuite> <!-- com.datadriven.Post_Dataprovider -->
