<?xml version="1.0" encoding="UTF-8"?>
<!-- Generated by org.testng.reporters.JUnitReportReporter -->
<testsuite hostname="DESKTOP-6VEAE9B" failures="0" tests="3" name="com.datadriven.DeleteData_DD" time="10.471" errors="0" timestamp="2023-11-30T11:18:54 IST" skipped="0">
  <testcase classname="com.datadriven.DeleteData_DD" name="deleteRequest" time="0.998"/>
  <testcase classname="com.datadriven.DeleteData_DD" name="deleteRequest" time="0.942"/>
  <testcase classname="com.datadriven.DeleteData_DD" name="deleteRequest" time="8.531"/>
</testsuite> <!-- com.datadriven.DeleteData_DD -->
