<?xml version="1.0" encoding="UTF-8"?>
<!-- Generated by org.testng.reporters.JUnitReportReporter -->
<testsuite hostname="DESKTOP-6VEAE9B" failures="0" tests="3" name="com.datadriven.Put_Datadriven" time="11.705" errors="0" timestamp="2023-11-30T11:11:59 IST" skipped="0">
  <testcase classname="com.datadriven.Put_Datadriven" name="updatePut" time="0.923"/>
  <testcase classname="com.datadriven.Put_Datadriven" name="updatePut" time="9.677"/>
  <testcase classname="com.datadriven.Put_Datadriven" name="updatePut" time="1.105"/>
</testsuite> <!-- com.datadriven.Put_Datadriven -->
